\BOOKMARK [1][-]{section.1}{\376\377\000I\000n\000t\000r\000o\000d\000u\000c\000t\000i\000o\000n}{}% 1
\BOOKMARK [2][-]{subsection.1.1}{\376\377\000C\000o\000v\000a\000r\000i\000a\000n\000c\000e\000\040\000r\000e\000g\000u\000l\000a\000r\000i\000z\000a\000t\000i\000o\000n\000\040\000i\000n\000\040\000E\000n\000K\000F}{section.1}% 2
\BOOKMARK [2][-]{subsection.1.2}{\376\377\000O\000u\000r\000\040\000c\000o\000n\000t\000r\000i\000b\000u\000t\000i\000o\000n}{section.1}% 3
\BOOKMARK [1][-]{section.2}{\376\377\000S\000p\000a\000t\000i\000a\000l\000\040\000m\000o\000d\000e\000l}{}% 4
\BOOKMARK [2][-]{subsection.2.1}{\376\377\000G\000e\000n\000e\000r\000a\000l\000\040\000p\000r\000o\000c\000e\000s\000s\000\040\000c\000o\000n\000v\000o\000l\000u\000t\000i\000o\000n\000\040\000m\000o\000d\000e\000l}{section.2}% 5
\BOOKMARK [2][-]{subsection.2.2}{\376\377\000C\000o\000n\000s\000t\000r\000a\000i\000n\000i\000n\000g\000\040\000t\000h\000e\000\040\000m\000o\000d\000e\000l\000:\000\040\000s\000t\000r\000a\000t\000e\000g\000y}{section.2}% 6
\BOOKMARK [2][-]{subsection.2.3}{\376\377\000C\000o\000n\000v\000o\000l\000u\000t\000i\000o\000n\000\040\000m\000o\000d\000e\000l\000\040\000w\000i\000t\000h\000\040\000l\000o\000c\000a\000l\000l\000y\000\040\000i\000s\000o\000t\000r\000o\000p\000i\000c\000\040\000k\000e\000r\000n\000e\000l}{section.2}% 7
\BOOKMARK [2][-]{subsection.2.4}{\376\377\000N\000o\000n\000-\000n\000e\000g\000a\000t\000i\000v\000e\000\040\000l\000o\000c\000a\000l\000\040\000s\000p\000e\000c\000t\000r\000u\000m\000\040\000c\000o\000n\000s\000t\000r\000a\000i\000n\000t}{section.2}% 8
\BOOKMARK [2][-]{subsection.2.5}{\376\377\000L\000o\000c\000a\000l\000\040\000s\000t\000a\000t\000i\000o\000n\000a\000r\000i\000t\000y}{section.2}% 9
\BOOKMARK [2][-]{subsection.2.6}{\376\377\000S\000m\000o\000o\000t\000h\000n\000e\000s\000s\000\040\000o\000f\000\040\000l\000o\000c\000a\000l\000\040\000s\000p\000e\000c\000t\000r\000a}{section.2}% 10
\BOOKMARK [2][-]{subsection.2.7}{\376\377\000S\000u\000m\000m\000a\000r\000y\000\040\000o\000f\000\040\000c\000o\000n\000s\000t\000r\000a\000i\000n\000t\000s}{section.2}% 11
\BOOKMARK [2][-]{subsection.2.8}{\376\377\000I\000d\000e\000n\000t\000i\000f\000i\000a\000b\000i\000l\000i\000t\000y}{section.2}% 12
\BOOKMARK [1][-]{section.3}{\376\377\000L\000o\000c\000a\000l\000l\000y\000\040\000s\000t\000a\000t\000i\000o\000n\000a\000r\000y\000\040\000e\000n\000s\000e\000m\000b\000l\000e\000\040\000f\000i\000l\000t\000e\000r\000\040\000\050\000L\000S\000E\000F\000\051}{}% 13
\BOOKMARK [2][-]{subsection.3.1}{\376\377\000E\000s\000t\000i\000m\000a\000t\000i\000n\000g\000\040\000l\000o\000c\000a\000l\000\040\000s\000p\000e\000c\000t\000r\000a}{section.3}% 14
\BOOKMARK [3][-]{subsubsection.3.1.1}{\376\377\000M\000u\000l\000t\000i\000s\000c\000a\000l\000e\000\040\000b\000a\000n\000d\000p\000a\000s\000s\000\040\000f\000i\000l\000t\000e\000r}{subsection.3.1}% 15
\BOOKMARK [3][-]{subsubsection.3.1.2}{\376\377\000B\000a\000n\000d\000\040\000v\000a\000r\000i\000a\000n\000c\000e\000s}{subsection.3.1}% 16
\BOOKMARK [3][-]{subsubsection.3.1.3}{\376\377\000N\000e\000u\000r\000a\000l\000\040\000n\000e\000t\000w\000o\000r\000k\000\040\000e\000s\000t\000i\000m\000a\000t\000o\000r\000\040\000o\000f\000\040\000l\000o\000c\000a\000l\000\040\000s\000p\000e\000c\000t\000r\000u\000m\000\040\000f\000r\000o\000m\000\040\000b\000a\000n\000d\000\040\000v\000a\000r\000i\000a\000n\000c\000e\000s}{subsection.3.1}% 17
\BOOKMARK [2][-]{subsection.3.2}{\376\377\000A\000n\000a\000l\000y\000s\000i\000s\000\040\000o\000f\000\040\000t\000h\000e\000\040\000s\000t\000a\000t\000e}{section.3}% 18
\BOOKMARK [2][-]{subsection.3.3}{\376\377\000C\000y\000c\000l\000i\000n\000g}{section.3}% 19
\BOOKMARK [1][-]{section.4}{\376\377\000N\000u\000m\000e\000r\000i\000c\000a\000l\000\040\000e\000x\000p\000e\000r\000i\000m\000e\000n\000t\000s\000\040\000w\000i\000t\000h\000\040\000s\000y\000n\000t\000h\000e\000t\000i\000c\000\040\000f\000i\000e\000l\000d\000s}{}% 20
\BOOKMARK [2][-]{subsection.4.1}{\376\377\000G\000e\000n\000e\000r\000a\000t\000i\000n\000g\000\040\000t\000h\000e\000\040\000`\000`\000t\000r\000u\000e\000'\000'\000\040\000l\000o\000c\000a\000l\000\040\000s\000p\000e\000c\000t\000r\000u\000m}{section.4}% 21
\BOOKMARK [3][-]{subsubsection.4.1.1}{\376\377\000T\000h\000e\000\040\000l\000o\000w\000e\000s\000t\000\040\000l\000e\000v\000e\000l\000\040\000i\000n\000\040\000t\000h\000e\000\040\000h\000i\000e\000r\000a\000r\000c\000h\000y}{subsection.4.1}% 22
\BOOKMARK [3][-]{subsubsection.4.1.2}{\376\377\000P\000a\000r\000a\000m\000e\000t\000e\000r\000\040\000f\000i\000e\000l\000d\000s}{subsection.4.1}% 23
\BOOKMARK [3][-]{subsubsection.4.1.3}{\376\377\000P\000r\000e\000-\000t\000r\000a\000n\000s\000f\000o\000r\000m\000\040\000f\000i\000e\000l\000d\000s}{subsection.4.1}% 24
\BOOKMARK [3][-]{subsubsection.4.1.4}{\376\377\000L\000o\000c\000a\000l\000\040\000s\000p\000e\000c\000t\000r\000a\000\040\000a\000n\000d\000\040\000L\000g\000\040}{subsection.4.1}% 25
\BOOKMARK [2][-]{subsection.4.2}{\376\377\000E\000x\000p\000e\000r\000i\000m\000e\000n\000t\000a\000l\000\040\000s\000e\000t\000u\000p}{section.4}% 26
\BOOKMARK [2][-]{subsection.4.3}{\376\377\000A\000c\000c\000u\000r\000a\000c\000y\000\040\000o\000f\000\040\000t\000h\000e\000\040\000e\000s\000t\000i\000m\000a\000t\000o\000r\000\040\000o\000f\000\040\000b\000a\000n\000d\000\040\000v\000a\000r\000i\000a\000n\000c\000e\000s}{section.4}% 27
\BOOKMARK [2][-]{subsection.4.4}{\376\377\000A\000c\000c\000u\000r\000a\000c\000y\000\040\000o\000f\000\040\000t\000h\000e\000\040\000e\000s\000t\000i\000m\000a\000t\000o\000r\000\040\000o\000f\000\040\000t\000h\000e\000\040\000l\000o\000c\000a\000l\000\040\000s\000p\000e\000c\000t\000r\000a}{section.4}% 28
\BOOKMARK [2][-]{subsection.4.5}{\376\377\000A\000c\000c\000u\000r\000a\000c\000y\000\040\000o\000f\000\040\000t\000h\000e\000\040\000a\000n\000a\000l\000y\000s\000i\000s}{section.4}% 29
\BOOKMARK [1][-]{section.5}{\376\377\000N\000u\000m\000e\000r\000i\000c\000a\000l\000\040\000e\000x\000p\000e\000r\000i\000m\000e\000n\000t\000s\000\040\000w\000i\000t\000h\000\040\000c\000y\000c\000l\000i\000c\000\040\000L\000S\000E\000F}{}% 30
\BOOKMARK [2][-]{subsection.5.1}{\376\377\000M\000o\000d\000e\000l}{section.5}% 31
\BOOKMARK [1][-]{section.6}{\376\377\000D\000i\000s\000c\000u\000s\000s\000i\000o\000n}{}% 32
\BOOKMARK [2][-]{subsection.6.1}{\376\377\000C\000o\000m\000p\000a\000r\000i\000s\000o\000n\000\040\000w\000i\000t\000h\000\040\000w\000a\000v\000e\000l\000e\000t\000-\000d\000i\000a\000g\000o\000n\000a\000l\000\040\000a\000p\000p\000r\000o\000a\000c\000h}{section.6}% 33
\BOOKMARK [2][-]{subsection.6.2}{\376\377\000K\000e\000r\000n\000e\000l\000\040\000c\000o\000n\000v\000o\000l\000u\000t\000i\000o\000n\000\040\000m\000o\000d\000e\000l\000i\000n\000g}{section.6}% 34
\BOOKMARK [2][-]{subsection.6.3}{\376\377\000A\000p\000p\000l\000i\000c\000a\000t\000i\000o\000n\000\040\000a\000r\000e\000a}{section.6}% 35
\BOOKMARK [2][-]{subsection.6.4}{\376\377\000W\000a\000v\000e\000l\000e\000t\000\040\000b\000a\000s\000e\000d\000\040\000f\000i\000l\000t\000e\000r\000i\000n\000g}{section.6}% 36
\BOOKMARK [2][-]{subsection.6.5}{\376\377\000C\000o\000m\000p\000u\000t\000a\000t\000i\000o\000n\000s}{section.6}% 37
\BOOKMARK [2][-]{subsection.6.6}{\376\377\000E\000x\000t\000e\000n\000s\000i\000o\000n\000s}{section.6}% 38
\BOOKMARK [1][-]{section.7}{\376\377\000C\000o\000n\000c\000l\000u\000s\000i\000o\000n\000s}{}% 39
\BOOKMARK [1][-]{section*.1}{\376\377\000A\000p\000p\000e\000n\000d\000i\000c\000e\000s}{}% 40
\BOOKMARK [1][-]{appendix.A}{\376\377\000S\000p\000h\000e\000r\000i\000c\000a\000l\000\040\000h\000a\000r\000m\000o\000n\000i\000c\000s\000\040\000a\000n\000d\000\040\000F\000o\000u\000r\000i\000e\000r\000-\000L\000e\000g\000e\000n\000d\000r\000e\000\040\000t\000r\000a\000n\000s\000f\000o\000r\000m}{}% 41
\BOOKMARK [1][-]{appendix.B}{\376\377\000L\000o\000c\000a\000l\000l\000y\000\040\000S\000t\000a\000t\000i\000o\000n\000a\000r\000y\000\040\000C\000o\000n\000v\000o\000l\000u\000t\000i\000o\000n\000\040\000M\000o\000d\000e\000l\000\040\000o\000n\000\040\000t\000h\000e\000\040\000u\000n\000i\000t\000\040\000c\000i\000r\000c\000l\000e}{}% 42
\BOOKMARK [1][-]{appendix.C}{\376\377\000T\000h\000e\000\040\000m\000o\000s\000t\000\040\000l\000o\000c\000a\000l\000i\000z\000e\000d\000\040\000k\000e\000r\000n\000e\000l\000\040\000i\000n\000\040\000t\000h\000e\000\040\000s\000t\000a\000t\000i\000o\000n\000a\000r\000y\000\040\000c\000a\000s\000e}{}% 43
\BOOKMARK [1][-]{appendix.D}{\376\377\000D\000e\000f\000i\000n\000i\000t\000i\000o\000n\000\040\000o\000f\000\040\000l\000o\000c\000a\000l\000\040\000s\000t\000a\000t\000i\000o\000n\000a\000r\000i\000t\000y}{}% 44
\BOOKMARK [2][-]{subsection.D.1}{\376\377\000B\000a\000c\000k\000g\000r\000o\000u\000n\000d}{appendix.D}% 45
\BOOKMARK [2][-]{subsection.D.2}{\376\377\000P\000r\000o\000c\000e\000s\000s\000\040\000o\000n\000\040\000t\000h\000e\000\040\000c\000i\000r\000c\000l\000e}{appendix.D}% 46
\BOOKMARK [2][-]{subsection.D.3}{\376\377\000P\000r\000o\000c\000e\000s\000s\000\040\000o\000n\000\040\000t\000h\000e\000\040\000s\000p\000h\000e\000r\000e}{appendix.D}% 47
\BOOKMARK [1][-]{appendix.E}{\376\377\000L\000o\000c\000a\000l\000l\000y\000\040\000S\000t\000a\000t\000i\000o\000n\000a\000r\000y\000\040\000C\000o\000n\000v\000o\000l\000u\000t\000i\000o\000n\000\040\000M\000o\000d\000e\000l\000\040\000w\000i\000t\000h\000\040\000p\000o\000s\000i\000t\000i\000v\000e\000\040\000d\000e\000f\000i\000n\000i\000t\000e\000\040\000k\000e\000r\000n\000e\000l\000\040\000i\000s\000\040\000i\000d\000e\000n\000t\000i\000f\000i\000a\000b\000l\000e}{}% 48
\BOOKMARK [2][-]{subsection.E.1}{\376\377\000C\000i\000r\000c\000u\000l\000a\000r\000\040\000c\000a\000s\000e}{appendix.E}% 49
\BOOKMARK [2][-]{subsection.E.2}{\376\377\000S\000p\000h\000e\000r\000i\000c\000a\000l\000\040\000c\000a\000s\000e}{appendix.E}% 50
\BOOKMARK [1][-]{appendix.F}{\376\377\000S\000p\000e\000c\000t\000r\000a\000l\000\040\000l\000o\000s\000s\000\040\000f\000u\000n\000c\000t\000i\000o\000n}{}% 51
\BOOKMARK [1][-]{appendix.G}{\376\377\000C\000o\000n\000s\000i\000s\000t\000e\000n\000c\000y\000\040\000o\000f\000\040\000t\000h\000e\000\040\000e\000s\000t\000i\000m\000a\000t\000o\000r\000\040\000o\000f\000\040\000b\000a\000n\000d\000\040\000v\000a\000r\000i\000a\000n\000c\000e\000s}{}% 52
